0 verbose cli /usr/local/bin/node /usr/local/lib/node_modules/npm/bin/npm-cli.js
1 info using npm@9.6.2
2 info using node@v18.15.0
3 timing npm:load:whichnode Completed in 2ms
4 timing config:load:defaults Completed in 3ms
5 timing config:load:file:/usr/local/lib/node_modules/npm/npmrc Completed in 20ms
6 timing config:load:builtin Completed in 21ms
7 timing config:load:cli Completed in 13ms
8 timing config:load:env Completed in 1ms
9 timing config:load:project Completed in 1ms
10 timing config:load:file:/home/container/.npmrc Completed in 1ms
11 timing config:load:user Completed in 1ms
12 timing config:load:file:/usr/local/etc/npmrc Completed in 0ms
13 timing config:load:global Completed in 0ms
14 timing config:load:setEnvs Completed in 2ms
15 timing config:load Completed in 42ms
16 timing npm:load:configload Completed in 42ms
17 timing npm:load:mkdirpcache Completed in 0ms
18 timing npm:load:mkdirplogs Completed in 0ms
19 verbose title npm exec prettier --write .
20 verbose argv "exec" "--" "prettier" "--write" "."
21 timing npm:load:setTitle Completed in 2ms
22 timing config:load:flatten Completed in 5ms
23 timing npm:load:display Completed in 6ms
24 verbose logfile logs-max:10 dir:/home/container/.npm/_logs/2023-04-14T07_21_07_714Z-
25 verbose logfile /home/container/.npm/_logs/2023-04-14T07_21_07_714Z-debug-0.log
26 timing npm:load:logFile Completed in 8ms
27 timing npm:load:timers Completed in 0ms
28 timing npm:load:configScope Completed in 0ms
29 timing npm:load Completed in 61ms
30 silly logfile done cleaning log files
31 timing arborist:ctor Completed in 1ms
32 timing arborist:ctor Completed in 0ms
33 http fetch GET 200 https://registry.npmjs.org/prettier 158ms (cache miss)
34 timing arborist:ctor Completed in 0ms
35 timing arborist:ctor Completed in 0ms
36 warn exec The following package was not found and will be installed: prettier@2.8.7
37 timing arborist:ctor Completed in 1ms
38 timing idealTree:init Completed in 4ms
39 timing idealTree:userRequests Completed in 2ms
40 silly idealTree buildDeps
41 silly fetch manifest prettier@2.8.7
42 http fetch GET 200 https://registry.npmjs.org/prettier 12ms (cache hit)
43 silly placeDep ROOT prettier@2.8.7 OK for:  want: 2.8.7
44 timing idealTree:#root Completed in 21ms
45 timing idealTree:node_modules/prettier Completed in 0ms
46 timing idealTree:buildDeps Completed in 22ms
47 timing idealTree:fixDepFlags Completed in 0ms
48 timing idealTree Completed in 32ms
49 timing reify:loadTrees Completed in 32ms
50 timing reify:diffTrees Completed in 2ms
51 silly reify moves {}
52 timing reify:retireShallow Completed in 1ms
53 timing reify:createSparse Completed in 6ms
54 timing reify:loadBundles Completed in 0ms
55 silly audit bulk request { prettier: [ '2.8.7' ] }
56 silly tarball no local data for prettier@https://registry.npmjs.org/prettier/-/prettier-2.8.7.tgz. Extracting by manifest.
57 http fetch POST 200 https://registry.npmjs.org/-/npm/v1/security/advisories/bulk 269ms
58 timing auditReport:getReport Completed in 271ms
59 silly audit report {}
60 timing auditReport:init Completed in 0ms
61 timing reify:audit Completed in 273ms
62 http fetch GET 200 https://registry.npmjs.org/prettier/-/prettier-2.8.7.tgz 841ms (cache miss)
63 timing reifyNode:node_modules/prettier Completed in 852ms
64 timing reify:unpack Completed in 852ms
65 timing reify:unretire Completed in 0ms
66 timing build:queue Completed in 1ms
67 timing build:link:node_modules/prettier Completed in 57ms
68 timing build:link Completed in 58ms
69 timing build:deps Completed in 60ms
70 timing build Completed in 60ms
71 timing reify:build Completed in 61ms
72 timing reify:trash Completed in 0ms
73 timing reify:save Completed in 51ms
74 timing reify Completed in 1051ms
75 timing command:exec Completed in 19495ms
76 verbose exit 0
77 timing npm Completed in 19582ms
78 info ok
