0 verbose cli /usr/local/bin/node /usr/local/lib/node_modules/npm/bin/npm-cli.js
1 info using npm@9.6.2
2 info using node@v18.15.0
3 timing npm:load:whichnode Completed in 53ms
4 timing config:load:defaults Completed in 22ms
5 timing config:load:file:/usr/local/lib/node_modules/npm/npmrc Completed in 31ms
6 timing config:load:builtin Completed in 33ms
7 timing config:load:cli Completed in 3ms
8 timing config:load:env Completed in 1ms
9 timing config:load:project Completed in 16ms
10 timing config:load:file:/home/container/.npmrc Completed in 1ms
11 timing config:load:user Completed in 1ms
12 timing config:load:file:/usr/local/etc/npmrc Completed in 0ms
13 timing config:load:global Completed in 0ms
14 timing config:load:setEnvs Completed in 2ms
15 timing config:load Completed in 78ms
16 timing npm:load:configload Completed in 87ms
17 timing npm:load:mkdirpcache Completed in 4ms
18 timing npm:load:mkdirplogs Completed in 1ms
19 verbose title npm exec prettier --write .
20 verbose argv "exec" "--" "prettier" "--write" "."
21 timing npm:load:setTitle Completed in 15ms
22 timing config:load:flatten Completed in 9ms
23 timing npm:load:display Completed in 11ms
24 verbose logfile logs-max:10 dir:/home/container/.npm/_logs/2023-04-15T02_02_44_895Z-
25 verbose logfile /home/container/.npm/_logs/2023-04-15T02_02_44_895Z-debug-0.log
26 timing npm:load:logFile Completed in 9ms
27 timing npm:load:timers Completed in 0ms
28 timing npm:load:configScope Completed in 0ms
29 timing npm:load Completed in 181ms
30 silly logfile start cleaning logs, removing 1 files
31 silly logfile done cleaning log files
32 timing arborist:ctor Completed in 1ms
33 timing arborist:ctor Completed in 0ms
34 http fetch GET 200 https://registry.npmjs.org/prettier 150ms (cache revalidated)
35 timing arborist:ctor Completed in 0ms
36 timing arborist:ctor Completed in 0ms
37 timing arborist:ctor Completed in 0ms
