0 verbose cli /usr/local/bin/node /usr/local/bin/npm
1 info using npm@9.6.2
2 info using node@v18.15.0
3 timing npm:load:whichnode Completed in 2ms
4 timing config:load:defaults Completed in 3ms
5 timing config:load:file:/usr/local/lib/node_modules/npm/npmrc Completed in 16ms
6 timing config:load:builtin Completed in 16ms
7 timing config:load:cli Completed in 17ms
8 timing config:load:env Completed in 2ms
9 timing config:load:project Completed in 2ms
10 timing config:load:file:/home/container/.npmrc Completed in 0ms
11 timing config:load:user Completed in 0ms
12 timing config:load:file:/usr/local/etc/npmrc Completed in 0ms
13 timing config:load:global Completed in 0ms
14 timing config:load:setEnvs Completed in 2ms
15 timing config:load Completed in 43ms
16 timing npm:load:configload Completed in 43ms
17 timing npm:load:mkdirpcache Completed in 0ms
18 timing npm:load:mkdirplogs Completed in 0ms
19 verbose title npm version patch
20 verbose argv "version" "patch" "--force"
21 timing npm:load:setTitle Completed in 4ms
22 timing config:load:flatten Completed in 11ms
23 timing npm:load:display Completed in 12ms
24 verbose logfile logs-max:10 dir:/home/container/.npm/_logs/2023-04-16T14_56_22_399Z-
25 verbose logfile /home/container/.npm/_logs/2023-04-16T14_56_22_399Z-debug-0.log
26 timing npm:load:logFile Completed in 23ms
27 timing npm:load:timers Completed in 0ms
28 timing npm:load:configScope Completed in 0ms
29 warn using --force Recommended protections disabled.
30 timing npm:load Completed in 88ms
31 silly logfile start cleaning logs, removing 1 files
32 silly logfile done cleaning log files
33 warn version Git working directory not clean, proceeding forcefully.
34 timing command:version Completed in 488ms
35 verbose exit 0
36 timing npm Completed in 601ms
37 info ok
