0 verbose cli /usr/local/bin/node /usr/local/bin/npm
1 info using npm@9.6.2
2 info using node@v18.15.0
3 timing npm:load:whichnode Completed in 2ms
4 timing config:load:defaults Completed in 4ms
5 timing config:load:file:/usr/local/lib/node_modules/npm/npmrc Completed in 8ms
6 timing config:load:builtin Completed in 9ms
7 timing config:load:cli Completed in 3ms
8 timing config:load:env Completed in 1ms
9 timing config:load:project Completed in 2ms
10 timing config:load:file:/home/container/.npmrc Completed in 0ms
11 timing config:load:user Completed in 0ms
12 timing config:load:file:/usr/local/etc/npmrc Completed in 1ms
13 timing config:load:global Completed in 1ms
14 timing config:load:setEnvs Completed in 1ms
15 timing config:load Completed in 21ms
16 timing npm:load:configload Completed in 22ms
17 timing npm:load:mkdirpcache Completed in 1ms
18 timing npm:load:mkdirplogs Completed in 1ms
19 verbose title npm version patch
20 verbose argv "version" "patch"
21 timing npm:load:setTitle Completed in 2ms
22 timing config:load:flatten Completed in 5ms
23 timing npm:load:display Completed in 7ms
24 verbose logfile logs-max:10 dir:/home/container/.npm/_logs/2023-04-16T14_53_29_514Z-
25 verbose logfile /home/container/.npm/_logs/2023-04-16T14_53_29_514Z-debug-0.log
26 timing npm:load:logFile Completed in 8ms
27 timing npm:load:timers Completed in 0ms
28 timing npm:load:configScope Completed in 0ms
29 timing npm:load Completed in 44ms
30 silly logfile start cleaning logs, removing 1 files
31 silly logfile done cleaning log files
32 timing command:version Completed in 206ms
33 verbose stack Error: Git working directory not clean.
33 verbose stack     at module.exports (/usr/local/lib/node_modules/npm/node_modules/libnpmversion/lib/enforce-clean.js:26:13)
33 verbose stack     at async module.exports (/usr/local/lib/node_modules/npm/node_modules/libnpmversion/lib/version.js:60:46)
33 verbose stack     at async Version.change (/usr/local/lib/node_modules/npm/lib/commands/version.js:77:21)
33 verbose stack     at async module.exports (/usr/local/lib/node_modules/npm/lib/cli.js:134:5)
34 verbose cwd /home/container
35 verbose Linux 5.4.0-137-generic
36 verbose node v18.15.0
37 verbose npm  v9.6.2
38 error Git working directory not clean.
39 verbose exit 1
40 timing npm Completed in 298ms
41 verbose code 1
42 error A complete log of this run can be found in:
42 error     /home/container/.npm/_logs/2023-04-16T14_53_29_514Z-debug-0.log
