0 verbose cli /usr/local/bin/node /usr/local/bin/npm
1 info using npm@9.6.2
2 info using node@v18.15.0
3 timing npm:load:whichnode Completed in 1ms
4 timing config:load:defaults Completed in 2ms
5 timing config:load:file:/usr/local/lib/node_modules/npm/npmrc Completed in 12ms
6 timing config:load:builtin Completed in 12ms
7 timing config:load:cli Completed in 18ms
8 timing config:load:env Completed in 2ms
9 timing config:load:project Completed in 3ms
10 timing config:load:file:/home/container/.npmrc Completed in 0ms
11 timing config:load:user Completed in 0ms
12 timing config:load:file:/usr/local/etc/npmrc Completed in 0ms
13 timing config:load:global Completed in 1ms
14 timing config:load:setEnvs Completed in 1ms
15 timing config:load Completed in 42ms
16 timing npm:load:configload Completed in 43ms
17 timing npm:load:mkdirpcache Completed in 1ms
18 timing npm:load:mkdirplogs Completed in 0ms
19 verbose title npm version minor
20 verbose argv "version" "minor" "--force"
21 timing npm:load:setTitle Completed in 2ms
22 timing config:load:flatten Completed in 4ms
23 timing npm:load:display Completed in 5ms
24 verbose logfile logs-max:10 dir:/home/container/.npm/_logs/2023-04-16T14_55_59_035Z-
25 verbose logfile /home/container/.npm/_logs/2023-04-16T14_55_59_035Z-debug-0.log
26 timing npm:load:logFile Completed in 8ms
27 timing npm:load:timers Completed in 1ms
28 timing npm:load:configScope Completed in 0ms
29 warn using --force Recommended protections disabled.
30 timing npm:load Completed in 62ms
31 silly logfile start cleaning logs, removing 1 files
32 silly logfile done cleaning log files
33 warn version Git working directory not clean, proceeding forcefully.
34 timing command:version Completed in 535ms
35 verbose exit 0
36 timing npm Completed in 623ms
37 info ok
