0 verbose cli /usr/local/bin/node /usr/local/lib/node_modules/npm/bin/npm-cli.js
1 info using npm@9.6.2
2 info using node@v18.15.0
3 timing npm:load:whichnode Completed in 2ms
4 timing config:load:defaults Completed in 3ms
5 timing config:load:file:/usr/local/lib/node_modules/npm/npmrc Completed in 1ms
6 timing config:load:builtin Completed in 1ms
7 timing config:load:cli Completed in 3ms
8 timing config:load:env Completed in 1ms
9 timing config:load:project Completed in 3ms
10 timing config:load:file:/home/container/.npmrc Completed in 0ms
11 timing config:load:user Completed in 0ms
12 timing config:load:file:/usr/local/etc/npmrc Completed in 0ms
13 timing config:load:global Completed in 1ms
14 timing config:load:setEnvs Completed in 1ms
15 timing config:load Completed in 13ms
16 timing npm:load:configload Completed in 13ms
17 timing npm:load:mkdirpcache Completed in 1ms
18 timing npm:load:mkdirplogs Completed in 0ms
19 verbose title npm exec prettier --write handler.js
20 verbose argv "exec" "--" "prettier" "--write" "handler.js"
21 timing npm:load:setTitle Completed in 2ms
22 timing config:load:flatten Completed in 5ms
23 timing npm:load:display Completed in 6ms
24 verbose logfile logs-max:10 dir:/home/container/.npm/_logs/2023-04-14T23_02_52_588Z-
25 verbose logfile /home/container/.npm/_logs/2023-04-14T23_02_52_588Z-debug-0.log
26 timing npm:load:logFile Completed in 8ms
27 timing npm:load:timers Completed in 0ms
28 timing npm:load:configScope Completed in 0ms
29 timing npm:load Completed in 32ms
30 silly logfile start cleaning logs, removing 1 files
31 silly logfile done cleaning log files
32 timing arborist:ctor Completed in 1ms
33 timing arborist:ctor Completed in 0ms
34 http fetch GET 200 https://registry.npmjs.org/prettier 181ms (cache revalidated)
35 timing arborist:ctor Completed in 0ms
36 timing arborist:ctor Completed in 1ms
37 timing arborist:ctor Completed in 0ms
38 timing command:exec Completed in 3456ms
39 verbose exit 0
40 timing npm Completed in 3510ms
41 info ok
