0 verbose cli /usr/local/bin/node /usr/local/lib/node_modules/npm/bin/npm-cli.js
1 info using npm@9.6.2
2 info using node@v18.15.0
3 timing npm:load:whichnode Completed in 1ms
4 timing config:load:defaults Completed in 2ms
5 timing config:load:file:/usr/local/lib/node_modules/npm/npmrc Completed in 6ms
6 timing config:load:builtin Completed in 7ms
7 timing config:load:cli Completed in 1ms
8 timing config:load:env Completed in 1ms
9 timing config:load:project Completed in 32ms
10 timing config:load:file:/home/container/.npmrc Completed in 0ms
11 timing config:load:user Completed in 0ms
12 timing config:load:file:/usr/local/etc/npmrc Completed in 0ms
13 timing config:load:global Completed in 1ms
14 timing config:load:setEnvs Completed in 1ms
15 timing config:load Completed in 45ms
16 timing npm:load:configload Completed in 45ms
17 timing npm:load:mkdirpcache Completed in 0ms
18 timing npm:load:mkdirplogs Completed in 1ms
19 verbose title npm exec prettier --write .
20 verbose argv "exec" "--" "prettier" "--write" "."
21 timing npm:load:setTitle Completed in 1ms
22 timing config:load:flatten Completed in 3ms
23 timing npm:load:display Completed in 5ms
24 verbose logfile logs-max:10 dir:/home/container/.npm/_logs/2023-04-12T06_01_35_761Z-
25 verbose logfile /home/container/.npm/_logs/2023-04-12T06_01_35_761Z-debug-0.log
26 timing npm:load:logFile Completed in 5ms
27 timing npm:load:timers Completed in 0ms
28 timing npm:load:configScope Completed in 0ms
29 timing npm:load Completed in 58ms
30 silly logfile start cleaning logs, removing 1 files
31 silly logfile done cleaning log files
32 timing arborist:ctor Completed in 0ms
33 timing arborist:ctor Completed in 0ms
34 http fetch GET 200 https://registry.npmjs.org/prettier 172ms (cache miss)
35 timing arborist:ctor Completed in 0ms
36 timing arborist:ctor Completed in 0ms
37 warn exec The following package was not found and will be installed: prettier@2.8.7
38 timing arborist:ctor Completed in 0ms
39 timing idealTree:init Completed in 3ms
40 timing idealTree:userRequests Completed in 1ms
41 silly idealTree buildDeps
42 silly fetch manifest prettier@2.8.7
43 http fetch GET 200 https://registry.npmjs.org/prettier 7ms (cache hit)
44 silly placeDep ROOT prettier@2.8.7 OK for:  want: 2.8.7
45 timing idealTree:#root Completed in 71ms
46 timing idealTree:node_modules/prettier Completed in 0ms
47 timing idealTree:buildDeps Completed in 71ms
48 timing idealTree:fixDepFlags Completed in 0ms
49 timing idealTree Completed in 77ms
50 timing reify:loadTrees Completed in 77ms
51 timing reify:diffTrees Completed in 1ms
52 silly reify moves {}
53 timing reify:retireShallow Completed in 1ms
54 timing reify:createSparse Completed in 0ms
55 timing reify:loadBundles Completed in 0ms
56 silly audit bulk request { prettier: [ '2.8.7' ] }
57 silly tarball no local data for prettier@https://registry.npmjs.org/prettier/-/prettier-2.8.7.tgz. Extracting by manifest.
58 http fetch POST 200 https://registry.npmjs.org/-/npm/v1/security/advisories/bulk 252ms
59 timing auditReport:getReport Completed in 253ms
60 silly audit report {}
61 timing auditReport:init Completed in 0ms
62 timing reify:audit Completed in 253ms
63 http fetch GET 200 https://registry.npmjs.org/prettier/-/prettier-2.8.7.tgz 246ms (cache miss)
64 timing reifyNode:node_modules/prettier Completed in 252ms
65 timing reify:unpack Completed in 252ms
66 timing reify:unretire Completed in 0ms
67 timing build:queue Completed in 0ms
68 timing build:link:node_modules/prettier Completed in 2ms
69 timing build:link Completed in 2ms
70 timing build:deps Completed in 2ms
71 timing build Completed in 2ms
72 timing reify:build Completed in 3ms
73 timing reify:trash Completed in 0ms
74 timing reify:save Completed in 3ms
75 timing reify Completed in 345ms
76 timing command:exec Completed in 19821ms
77 verbose exit 0
78 timing npm Completed in 19905ms
79 info ok
